 
 -------------- celery@codespaces-920145 v5.5.1 (immunity)
--- ***** ----- 
-- ******* ---- Linux-6.8.0-1021-azure-x86_64-with-glibc2.31 2025-04-11 13:43:55
- *** --- * --- 
- ** ---------- [config]
- ** ---------- .> app:         dmoj:0x7cae7479d2b0
- ** ---------- .> transport:   redis://localhost:6379//
- ** ---------- .> results:     disabled://
- *** --- * --- .> concurrency: 2 (prefork)
-- ******* ---- .> task events: OFF (enable -E to monitor tasks in this worker)
--- ***** ----- 
 -------------- [queues]
                .> celery           exchange=celery(direct) key=celery
                

 
 -------------- celery@codespaces-920145 v5.5.1 (immunity)
--- ***** ----- 
-- ******* ---- Linux-6.8.0-1021-azure-x86_64-with-glibc2.31 2025-04-11 13:49:12
- *** --- * --- 
- ** ---------- [config]
- ** ---------- .> app:         dmoj:0x727800df14f0
- ** ---------- .> transport:   redis://localhost:6379//
- ** ---------- .> results:     disabled://
- *** --- * --- .> concurrency: 2 (prefork)
-- ******* ---- .> task events: OFF (enable -E to monitor tasks in this worker)
--- ***** ----- 
 -------------- [queues]
                .> celery           exchange=celery(direct) key=celery
                

 
 -------------- celery@codespaces-920145 v5.5.1 (immunity)
--- ***** ----- 
-- ******* ---- Linux-6.8.0-1021-azure-x86_64-with-glibc2.31 2025-04-11 13:54:48
- *** --- * --- 
- ** ---------- [config]
- ** ---------- .> app:         dmoj:0x7215a4ba92b0
- ** ---------- .> transport:   redis://localhost:6379//
- ** ---------- .> results:     disabled://
- *** --- * --- .> concurrency: 2 (prefork)
-- ******* ---- .> task events: OFF (enable -E to monitor tasks in this worker)
--- ***** ----- 
 -------------- [queues]
                .> celery           exchange=celery(direct) key=celery
                

 
 -------------- celery@codespaces-920145 v5.5.1 (immunity)
--- ***** ----- 
-- ******* ---- Linux-6.8.0-1021-azure-x86_64-with-glibc2.31 2025-04-11 13:56:38
- *** --- * --- 
- ** ---------- [config]
- ** ---------- .> app:         dmoj:0x75c84303d7f0
- ** ---------- .> transport:   redis://localhost:6379//
- ** ---------- .> results:     disabled://
- *** --- * --- .> concurrency: 2 (prefork)
-- ******* ---- .> task events: OFF (enable -E to monitor tasks in this worker)
--- ***** ----- 
 -------------- [queues]
                .> celery           exchange=celery(direct) key=celery
                

 
 -------------- celery@codespaces-920145 v5.5.1 (immunity)
--- ***** ----- 
-- ******* ---- Linux-6.8.0-1021-azure-x86_64-with-glibc2.31 2025-04-11 13:57:38
- *** --- * --- 
- ** ---------- [config]
- ** ---------- .> app:         dmoj:0x766beda09160
- ** ---------- .> transport:   redis://localhost:6379//
- ** ---------- .> results:     disabled://
- *** --- * --- .> concurrency: 2 (prefork)
-- ******* ---- .> task events: OFF (enable -E to monitor tasks in this worker)
--- ***** ----- 
 -------------- [queues]
                .> celery           exchange=celery(direct) key=celery
                

 
 -------------- celery@codespaces-920145 v5.5.1 (immunity)
--- ***** ----- 
-- ******* ---- Linux-6.8.0-1021-azure-x86_64-with-glibc2.31 2025-04-11 14:01:36
- *** --- * --- 
- ** ---------- [config]
- ** ---------- .> app:         dmoj:0x79e0d1885670
- ** ---------- .> transport:   redis://localhost:6379//
- ** ---------- .> results:     disabled://
- *** --- * --- .> concurrency: 2 (prefork)
-- ******* ---- .> task events: OFF (enable -E to monitor tasks in this worker)
--- ***** ----- 
 -------------- [queues]
                .> celery           exchange=celery(direct) key=celery
                

 
 -------------- celery@codespaces-920145 v5.5.1 (immunity)
--- ***** ----- 
-- ******* ---- Linux-6.8.0-1021-azure-x86_64-with-glibc2.31 2025-04-11 14:02:39
- *** --- * --- 
- ** ---------- [config]
- ** ---------- .> app:         dmoj:0x72a993a25ac0
- ** ---------- .> transport:   redis://localhost:6379//
- ** ---------- .> results:     disabled://
- *** --- * --- .> concurrency: 2 (prefork)
-- ******* ---- .> task events: OFF (enable -E to monitor tasks in this worker)
--- ***** ----- 
 -------------- [queues]
                .> celery           exchange=celery(direct) key=celery
                

