[uWSGI] getting INI configuration from /workspaces/oj/conf/../uwsgi.ini
*** Starting uWSGI 2.0.28 (64bit) on [Fri Apr 11 11:34:20 2025] ***
compiled with version: 9.4.0 on 11 April 2025 11:33:10
os: Linux-6.8.0-1021-azure #25~22.04.1-Ubuntu SMP Thu Jan 16 21:37:09 UTC 2025
nodename: codespaces-920145
machine: x86_64
clock source: unix
pcre jit disabled
detected number of CPU cores: 2
current working directory: /workspaces/oj
writing pidfile to /tmp/dmoj-site.pid
detected binary path: /workspaces/oj/vnojsite/bin/uwsgi
uWSGI running as root, you can use --uid/--gid/--chroot options
*** WARNING: you are running uWSGI as root !!! (use the --uid flag) *** 
chdir() to ./
your memory page size is 4096 bytes
detected max file descriptor number: 1048576
lock engine: pthread robust mutexes
thunder lock: disabled (you can enable it with --thunder-lock)
uwsgi socket 0 bound to UNIX address /tmp/dmoj-site.sock fd 3
uWSGI running as root, you can use --uid/--gid/--chroot options
*** WARNING: you are running uWSGI as root !!! (use the --uid flag) *** 
Python version: 3.12.1 (main, Mar 17 2025, 17:13:06) [GCC 9.4.0]
PEP 405 virtualenv detected: ./vnojsite
Set PythonHome to ./vnojsite
Python main interpreter initialized at 0x59b4a6eadde8
uWSGI running as root, you can use --uid/--gid/--chroot options
*** WARNING: you are running uWSGI as root !!! (use the --uid flag) *** 
python threads support enabled
your server socket listen backlog is limited to 100 connections
your mercy for graceful operations on workers is 60 seconds
mapped 583360 bytes (569 KB) for 7 cores
*** Operational MODE: preforking ***
added .// to pythonpath.
WSGI app 0 (mountpoint='') ready in 8 seconds on interpreter 0x59b4a6eadde8 pid: 156724 (default app)
uWSGI running as root, you can use --uid/--gid/--chroot options
*** WARNING: you are running uWSGI as root !!! (use the --uid flag) *** 
*** uWSGI is running in multiple interpreter mode ***
spawned uWSGI master process (pid: 156724)
spawned uWSGI worker 1 (pid: 156815, cores: 1)
spawned uWSGI worker 2 (pid: 156820, cores: 1)
spawned uWSGI worker 3 (pid: 156822, cores: 1)
spawned uWSGI worker 4 (pid: 156823, cores: 1)
spawned uWSGI worker 5 (pid: 156824, cores: 1)
spawned uWSGI worker 6 (pid: 156825, cores: 1)
spawned uWSGI worker 7 (pid: 156826, cores: 1)
