2025-04-11 13:43:47,890 CRIT Supervisor is running as root.  Privileges were not dropped because no user is specified in the config file.  If you intend to run as root, you can set user=root in the config file to avoid this message.
2025-04-11 13:43:47,893 INFO RPC interface 'supervisor' initialized
2025-04-11 13:43:47,894 CRIT Server 'unix_http_server' running without any HTTP authentication checking
2025-04-11 13:43:47,895 INFO daemonizing the supervisord process
2025-04-11 13:43:47,898 INFO supervisord started with pid 45512
2025-04-11 13:43:48,193 INFO spawned: 'bridged' with pid 45515
2025-04-11 13:43:48,199 INFO spawned: 'celery' with pid 45516
2025-04-11 13:43:48,207 INFO spawned: 'site' with pid 45517
2025-04-11 13:43:48,212 INFO spawned: 'wsevent' with pid 45518
2025-04-11 13:43:48,640 INFO exited: wsevent (exit status 1; not expected)
2025-04-11 13:43:49,640 INFO success: bridged entered RUNNING state, process has stayed up for > than 1 seconds (startsecs)
2025-04-11 13:43:49,640 INFO success: celery entered RUNNING state, process has stayed up for > than 1 seconds (startsecs)
2025-04-11 13:43:49,641 INFO success: site entered RUNNING state, process has stayed up for > than 1 seconds (startsecs)
2025-04-11 13:43:49,646 INFO spawned: 'wsevent' with pid 45551
2025-04-11 13:43:49,999 INFO exited: wsevent (exit status 1; not expected)
2025-04-11 13:43:52,008 INFO spawned: 'wsevent' with pid 45583
2025-04-11 13:43:52,372 INFO exited: wsevent (exit status 1; not expected)
2025-04-11 13:43:55,174 INFO exited: bridged (exit status 1; not expected)
2025-04-11 13:43:55,425 INFO spawned: 'bridged' with pid 45638
2025-04-11 13:43:55,437 INFO spawned: 'wsevent' with pid 45639
2025-04-11 13:43:55,893 INFO exited: wsevent (exit status 1; not expected)
2025-04-11 13:43:56,222 INFO gave up: wsevent entered FATAL state, too many start retries too quickly
2025-04-11 13:43:57,229 INFO success: bridged entered RUNNING state, process has stayed up for > than 1 seconds (startsecs)
2025-04-11 13:44:02,641 INFO exited: bridged (exit status 1; not expected)
2025-04-11 13:44:03,645 INFO spawned: 'bridged' with pid 45704
2025-04-11 13:44:04,646 INFO success: bridged entered RUNNING state, process has stayed up for > than 1 seconds (startsecs)
2025-04-11 13:44:07,342 INFO exited: bridged (exit status 1; not expected)
2025-04-11 13:44:08,251 INFO spawned: 'bridged' with pid 45735
2025-04-11 13:44:09,253 INFO success: bridged entered RUNNING state, process has stayed up for > than 1 seconds (startsecs)
2025-04-11 13:44:12,711 INFO exited: bridged (exit status 1; not expected)
2025-04-11 13:44:13,713 INFO spawned: 'bridged' with pid 45756
2025-04-11 13:44:14,717 INFO success: bridged entered RUNNING state, process has stayed up for > than 1 seconds (startsecs)
2025-04-11 13:44:17,806 INFO exited: bridged (exit status 1; not expected)
2025-04-11 13:44:18,808 INFO spawned: 'bridged' with pid 45794
2025-04-11 13:44:19,813 INFO success: bridged entered RUNNING state, process has stayed up for > than 1 seconds (startsecs)
2025-04-11 13:44:22,807 INFO exited: bridged (exit status 1; not expected)
2025-04-11 13:44:23,811 INFO spawned: 'bridged' with pid 45814
2025-04-11 13:44:24,814 INFO success: bridged entered RUNNING state, process has stayed up for > than 1 seconds (startsecs)
2025-04-11 13:44:27,685 INFO exited: bridged (exit status 1; not expected)
2025-04-11 13:44:28,689 INFO spawned: 'bridged' with pid 45859
2025-04-11 13:44:29,690 INFO success: bridged entered RUNNING state, process has stayed up for > than 1 seconds (startsecs)
2025-04-11 13:44:33,259 INFO exited: bridged (exit status 1; not expected)
2025-04-11 13:44:34,261 INFO spawned: 'bridged' with pid 45879
2025-04-11 13:44:35,266 INFO success: bridged entered RUNNING state, process has stayed up for > than 1 seconds (startsecs)
2025-04-11 13:44:38,651 INFO exited: bridged (exit status 1; not expected)
2025-04-11 13:44:38,913 INFO spawned: 'bridged' with pid 45923
2025-04-11 13:44:39,925 INFO success: bridged entered RUNNING state, process has stayed up for > than 1 seconds (startsecs)
2025-04-11 13:44:42,481 INFO exited: bridged (exit status 1; not expected)
2025-04-11 13:44:43,484 INFO spawned: 'bridged' with pid 45971
2025-04-11 13:44:44,487 INFO success: bridged entered RUNNING state, process has stayed up for > than 1 seconds (startsecs)
2025-04-11 13:44:48,540 INFO exited: bridged (exit status 1; not expected)
2025-04-11 13:44:49,544 INFO spawned: 'bridged' with pid 46031
2025-04-11 13:44:50,547 INFO success: bridged entered RUNNING state, process has stayed up for > than 1 seconds (startsecs)
2025-04-11 13:44:54,466 INFO exited: bridged (exit status 1; not expected)
2025-04-11 13:44:55,476 INFO spawned: 'bridged' with pid 46056
2025-04-11 13:44:56,478 INFO success: bridged entered RUNNING state, process has stayed up for > than 1 seconds (startsecs)
2025-04-11 13:45:00,769 INFO exited: bridged (exit status 1; not expected)
2025-04-11 13:45:01,772 INFO spawned: 'bridged' with pid 46096
2025-04-11 13:45:02,775 INFO success: bridged entered RUNNING state, process has stayed up for > than 1 seconds (startsecs)
2025-04-11 13:45:05,649 INFO exited: bridged (exit status 1; not expected)
2025-04-11 13:45:06,653 INFO spawned: 'bridged' with pid 46116
2025-04-11 13:45:07,656 INFO success: bridged entered RUNNING state, process has stayed up for > than 1 seconds (startsecs)
2025-04-11 13:45:11,798 INFO exited: bridged (exit status 1; not expected)
2025-04-11 13:45:12,802 INFO spawned: 'bridged' with pid 46162
2025-04-11 13:45:13,805 INFO success: bridged entered RUNNING state, process has stayed up for > than 1 seconds (startsecs)
2025-04-11 13:45:16,826 INFO exited: bridged (exit status 1; not expected)
2025-04-11 13:45:17,833 INFO spawned: 'bridged' with pid 46192
2025-04-11 13:45:18,836 INFO success: bridged entered RUNNING state, process has stayed up for > than 1 seconds (startsecs)
2025-04-11 13:45:22,408 INFO exited: bridged (exit status 1; not expected)
2025-04-11 13:45:23,411 INFO spawned: 'bridged' with pid 46217
2025-04-11 13:45:24,414 INFO success: bridged entered RUNNING state, process has stayed up for > than 1 seconds (startsecs)
2025-04-11 13:45:27,039 INFO exited: bridged (exit status 1; not expected)
2025-04-11 13:45:28,046 INFO spawned: 'bridged' with pid 46249
2025-04-11 13:45:29,053 INFO success: bridged entered RUNNING state, process has stayed up for > than 1 seconds (startsecs)
2025-04-11 13:45:31,902 INFO exited: bridged (exit status 1; not expected)
2025-04-11 13:45:32,905 INFO spawned: 'bridged' with pid 46275
2025-04-11 13:45:33,909 INFO success: bridged entered RUNNING state, process has stayed up for > than 1 seconds (startsecs)
2025-04-11 13:45:37,140 INFO exited: bridged (exit status 1; not expected)
2025-04-11 13:45:38,143 INFO spawned: 'bridged' with pid 46295
2025-04-11 13:45:39,145 INFO success: bridged entered RUNNING state, process has stayed up for > than 1 seconds (startsecs)
2025-04-11 13:45:41,434 INFO exited: bridged (exit status 1; not expected)
2025-04-11 13:45:42,437 INFO spawned: 'bridged' with pid 46332
2025-04-11 13:45:43,439 INFO success: bridged entered RUNNING state, process has stayed up for > than 1 seconds (startsecs)
2025-04-11 13:45:46,470 INFO exited: bridged (exit status 1; not expected)
2025-04-11 13:45:47,473 INFO spawned: 'bridged' with pid 46352
2025-04-11 13:45:48,474 INFO success: bridged entered RUNNING state, process has stayed up for > than 1 seconds (startsecs)
2025-04-11 13:45:50,266 INFO exited: bridged (exit status 1; not expected)
2025-04-11 13:45:51,272 INFO spawned: 'bridged' with pid 46389
2025-04-11 13:45:52,273 INFO success: bridged entered RUNNING state, process has stayed up for > than 1 seconds (startsecs)
2025-04-11 13:45:54,249 INFO exited: bridged (exit status 1; not expected)
2025-04-11 13:45:55,251 INFO spawned: 'bridged' with pid 46424
2025-04-11 13:45:56,257 INFO success: bridged entered RUNNING state, process has stayed up for > than 1 seconds (startsecs)
2025-04-11 13:46:00,324 INFO exited: bridged (exit status 1; not expected)
2025-04-11 13:46:01,327 INFO spawned: 'bridged' with pid 46484
2025-04-11 13:46:02,330 INFO success: bridged entered RUNNING state, process has stayed up for > than 1 seconds (startsecs)
2025-04-11 13:46:05,239 INFO exited: bridged (exit status 1; not expected)
2025-04-11 13:46:06,242 INFO spawned: 'bridged' with pid 46514
2025-04-11 13:46:07,245 INFO success: bridged entered RUNNING state, process has stayed up for > than 1 seconds (startsecs)
2025-04-11 13:46:10,292 INFO exited: bridged (exit status 1; not expected)
2025-04-11 13:46:11,295 INFO spawned: 'bridged' with pid 46551
2025-04-11 13:46:12,299 INFO success: bridged entered RUNNING state, process has stayed up for > than 1 seconds (startsecs)
2025-04-11 13:46:14,838 INFO exited: bridged (exit status 1; not expected)
2025-04-11 13:46:15,840 INFO spawned: 'bridged' with pid 46571
2025-04-11 13:46:16,843 INFO success: bridged entered RUNNING state, process has stayed up for > than 1 seconds (startsecs)
2025-04-11 13:46:20,785 INFO exited: bridged (exit status 1; not expected)
2025-04-11 13:46:21,788 INFO spawned: 'bridged' with pid 46609
2025-04-11 13:46:22,789 INFO success: bridged entered RUNNING state, process has stayed up for > than 1 seconds (startsecs)
2025-04-11 13:46:25,042 INFO exited: bridged (exit status 1; not expected)
2025-04-11 13:46:26,046 INFO spawned: 'bridged' with pid 46642
2025-04-11 13:46:27,049 INFO success: bridged entered RUNNING state, process has stayed up for > than 1 seconds (startsecs)
2025-04-11 13:46:29,179 INFO exited: bridged (exit status 1; not expected)
2025-04-11 13:46:30,183 INFO spawned: 'bridged' with pid 46658
2025-04-11 13:46:31,185 INFO success: bridged entered RUNNING state, process has stayed up for > than 1 seconds (startsecs)
2025-04-11 13:46:33,807 INFO exited: bridged (exit status 1; not expected)
2025-04-11 13:46:34,810 INFO spawned: 'bridged' with pid 46693
2025-04-11 13:46:35,812 INFO success: bridged entered RUNNING state, process has stayed up for > than 1 seconds (startsecs)
2025-04-11 13:46:38,433 INFO exited: bridged (exit status 1; not expected)
2025-04-11 13:46:39,436 INFO spawned: 'bridged' with pid 46728
2025-04-11 13:46:40,437 INFO success: bridged entered RUNNING state, process has stayed up for > than 1 seconds (startsecs)
2025-04-11 13:46:44,001 INFO exited: bridged (exit status 1; not expected)
2025-04-11 13:46:45,005 INFO spawned: 'bridged' with pid 46778
2025-04-11 13:46:46,007 INFO success: bridged entered RUNNING state, process has stayed up for > than 1 seconds (startsecs)
2025-04-11 13:46:48,510 INFO exited: bridged (exit status 1; not expected)
2025-04-11 13:46:49,512 INFO spawned: 'bridged' with pid 46800
2025-04-11 13:46:50,514 INFO success: bridged entered RUNNING state, process has stayed up for > than 1 seconds (startsecs)
2025-04-11 13:46:53,913 INFO exited: bridged (exit status 1; not expected)
2025-04-11 13:46:54,916 INFO spawned: 'bridged' with pid 46838
2025-04-11 13:46:55,919 INFO success: bridged entered RUNNING state, process has stayed up for > than 1 seconds (startsecs)
2025-04-11 13:46:59,624 INFO exited: bridged (exit status 1; not expected)
2025-04-11 13:47:00,627 INFO spawned: 'bridged' with pid 46866
2025-04-11 13:47:01,630 INFO success: bridged entered RUNNING state, process has stayed up for > than 1 seconds (startsecs)
2025-04-11 13:47:04,463 INFO exited: bridged (exit status 1; not expected)
2025-04-11 13:47:05,466 INFO spawned: 'bridged' with pid 46904
2025-04-11 13:47:06,469 INFO success: bridged entered RUNNING state, process has stayed up for > than 1 seconds (startsecs)
2025-04-11 13:47:11,011 INFO exited: bridged (exit status 1; not expected)
2025-04-11 13:47:12,013 INFO spawned: 'bridged' with pid 46943
2025-04-11 13:47:13,015 INFO success: bridged entered RUNNING state, process has stayed up for > than 1 seconds (startsecs)
2025-04-11 13:47:15,436 INFO exited: bridged (exit status 1; not expected)
2025-04-11 13:47:16,439 INFO spawned: 'bridged' with pid 46987
2025-04-11 13:47:17,441 INFO success: bridged entered RUNNING state, process has stayed up for > than 1 seconds (startsecs)
2025-04-11 13:47:21,795 INFO exited: bridged (exit status 1; not expected)
2025-04-11 13:47:22,797 INFO spawned: 'bridged' with pid 47079
2025-04-11 13:47:23,805 INFO success: bridged entered RUNNING state, process has stayed up for > than 1 seconds (startsecs)
2025-04-11 13:47:27,272 INFO exited: bridged (exit status 1; not expected)
2025-04-11 13:47:28,279 INFO spawned: 'bridged' with pid 47116
2025-04-11 13:47:29,284 INFO success: bridged entered RUNNING state, process has stayed up for > than 1 seconds (startsecs)
2025-04-11 13:47:36,847 INFO exited: bridged (exit status 1; not expected)
2025-04-11 13:47:37,850 INFO spawned: 'bridged' with pid 47198
2025-04-11 13:47:38,854 INFO success: bridged entered RUNNING state, process has stayed up for > than 1 seconds (startsecs)
2025-04-11 13:47:41,054 INFO exited: bridged (exit status 1; not expected)
2025-04-11 13:47:42,069 INFO spawned: 'bridged' with pid 47218
2025-04-11 13:47:43,077 INFO success: bridged entered RUNNING state, process has stayed up for > than 1 seconds (startsecs)
2025-04-11 13:47:48,015 INFO exited: bridged (exit status 1; not expected)
2025-04-11 13:47:49,018 INFO spawned: 'bridged' with pid 47264
2025-04-11 13:47:50,023 INFO success: bridged entered RUNNING state, process has stayed up for > than 1 seconds (startsecs)
2025-04-11 13:47:52,039 INFO exited: bridged (exit status 1; not expected)
2025-04-11 13:47:53,042 INFO spawned: 'bridged' with pid 47283
2025-04-11 13:47:54,045 INFO success: bridged entered RUNNING state, process has stayed up for > than 1 seconds (startsecs)
2025-04-11 13:47:58,091 INFO exited: bridged (exit status 1; not expected)
2025-04-11 13:47:59,093 INFO spawned: 'bridged' with pid 47322
2025-04-11 13:48:00,095 INFO success: bridged entered RUNNING state, process has stayed up for > than 1 seconds (startsecs)
2025-04-11 13:48:03,259 INFO exited: bridged (exit status 1; not expected)
2025-04-11 13:48:04,260 INFO spawned: 'bridged' with pid 47390
2025-04-11 13:48:05,264 INFO success: bridged entered RUNNING state, process has stayed up for > than 1 seconds (startsecs)
2025-04-11 13:48:07,828 INFO exited: bridged (exit status 1; not expected)
2025-04-11 13:48:08,831 INFO spawned: 'bridged' with pid 47422
2025-04-11 13:48:09,840 INFO success: bridged entered RUNNING state, process has stayed up for > than 1 seconds (startsecs)
2025-04-11 13:48:13,099 INFO exited: bridged (exit status 1; not expected)
2025-04-11 13:48:14,105 INFO spawned: 'bridged' with pid 47449
2025-04-11 13:48:15,110 INFO success: bridged entered RUNNING state, process has stayed up for > than 1 seconds (startsecs)
2025-04-11 13:48:17,968 INFO exited: bridged (exit status 1; not expected)
2025-04-11 13:48:18,972 INFO spawned: 'bridged' with pid 47481
2025-04-11 13:48:19,976 INFO success: bridged entered RUNNING state, process has stayed up for > than 1 seconds (startsecs)
2025-04-11 13:48:25,628 INFO exited: bridged (exit status 1; not expected)
2025-04-11 13:48:26,631 INFO spawned: 'bridged' with pid 47553
2025-04-11 13:48:27,639 INFO success: bridged entered RUNNING state, process has stayed up for > than 1 seconds (startsecs)
2025-04-11 13:48:32,333 INFO exited: bridged (exit status 1; not expected)
2025-04-11 13:48:33,338 INFO spawned: 'bridged' with pid 47624
2025-04-11 13:48:34,341 INFO success: bridged entered RUNNING state, process has stayed up for > than 1 seconds (startsecs)
2025-04-11 13:48:39,481 INFO exited: bridged (exit status 1; not expected)
2025-04-11 13:48:40,486 INFO spawned: 'bridged' with pid 47680
2025-04-11 13:48:41,491 INFO success: bridged entered RUNNING state, process has stayed up for > than 1 seconds (startsecs)
2025-04-11 13:48:44,094 INFO exited: bridged (exit status 1; not expected)
2025-04-11 13:48:45,098 INFO spawned: 'bridged' with pid 47694
2025-04-11 13:48:46,100 INFO success: bridged entered RUNNING state, process has stayed up for > than 1 seconds (startsecs)
2025-04-11 13:48:48,913 INFO exited: bridged (exit status 1; not expected)
2025-04-11 13:48:49,920 INFO spawned: 'bridged' with pid 47733
2025-04-11 13:48:50,923 INFO success: bridged entered RUNNING state, process has stayed up for > than 1 seconds (startsecs)
2025-04-11 13:48:55,465 INFO exited: bridged (exit status 1; not expected)
2025-04-11 13:48:56,472 INFO spawned: 'bridged' with pid 47778
2025-04-11 13:48:57,482 INFO success: bridged entered RUNNING state, process has stayed up for > than 1 seconds (startsecs)
2025-04-11 13:48:59,847 INFO exited: bridged (exit status 1; not expected)
2025-04-11 13:49:00,527 INFO spawned: 'bridged' with pid 47796
2025-04-11 13:49:01,531 INFO success: bridged entered RUNNING state, process has stayed up for > than 1 seconds (startsecs)
2025-04-11 13:49:05,628 INFO exited: bridged (exit status 1; not expected)
2025-04-11 13:49:06,634 INFO spawned: 'bridged' with pid 47839
2025-04-11 13:49:07,641 INFO success: bridged entered RUNNING state, process has stayed up for > than 1 seconds (startsecs)
2025-04-11 13:49:12,800 INFO exited: bridged (exit status 1; not expected)
2025-04-11 13:49:13,803 INFO spawned: 'bridged' with pid 47907
2025-04-11 13:49:14,807 INFO success: bridged entered RUNNING state, process has stayed up for > than 1 seconds (startsecs)
2025-04-11 13:49:17,962 INFO exited: bridged (exit status 1; not expected)
2025-04-11 13:49:18,966 INFO spawned: 'bridged' with pid 47957
2025-04-11 13:49:19,976 INFO success: bridged entered RUNNING state, process has stayed up for > than 1 seconds (startsecs)
2025-04-11 13:49:23,084 INFO exited: bridged (exit status 1; not expected)
2025-04-11 13:49:23,086 INFO spawned: 'bridged' with pid 47976
2025-04-11 13:49:24,089 INFO success: bridged entered RUNNING state, process has stayed up for > than 1 seconds (startsecs)
2025-04-11 13:49:26,618 INFO exited: bridged (exit status 1; not expected)
2025-04-11 13:49:27,621 INFO spawned: 'bridged' with pid 48013
2025-04-11 13:49:28,624 INFO success: bridged entered RUNNING state, process has stayed up for > than 1 seconds (startsecs)
2025-04-11 13:49:30,426 INFO exited: bridged (exit status 1; not expected)
2025-04-11 13:49:31,429 INFO spawned: 'bridged' with pid 48031
2025-04-11 13:49:32,436 INFO success: bridged entered RUNNING state, process has stayed up for > than 1 seconds (startsecs)
2025-04-11 13:49:37,402 INFO exited: bridged (exit status 1; not expected)
2025-04-11 13:49:38,407 INFO spawned: 'bridged' with pid 48071
2025-04-11 13:49:39,408 INFO success: bridged entered RUNNING state, process has stayed up for > than 1 seconds (startsecs)
2025-04-11 13:49:41,713 INFO exited: bridged (exit status 1; not expected)
2025-04-11 13:49:42,718 INFO spawned: 'bridged' with pid 48090
2025-04-11 13:49:43,727 INFO success: bridged entered RUNNING state, process has stayed up for > than 1 seconds (startsecs)
2025-04-11 13:49:48,731 INFO exited: bridged (exit status 1; not expected)
2025-04-11 13:49:49,734 INFO spawned: 'bridged' with pid 48165
2025-04-11 13:49:50,747 INFO success: bridged entered RUNNING state, process has stayed up for > than 1 seconds (startsecs)
2025-04-11 13:49:54,239 INFO exited: bridged (exit status 1; not expected)
2025-04-11 13:49:55,242 INFO spawned: 'bridged' with pid 48198
2025-04-11 13:49:56,245 INFO success: bridged entered RUNNING state, process has stayed up for > than 1 seconds (startsecs)
2025-04-11 13:49:59,629 INFO exited: bridged (exit status 1; not expected)
2025-04-11 13:50:00,633 INFO spawned: 'bridged' with pid 48238
2025-04-11 13:50:01,645 INFO success: bridged entered RUNNING state, process has stayed up for > than 1 seconds (startsecs)
2025-04-11 13:50:04,463 INFO exited: bridged (exit status 1; not expected)
2025-04-11 13:50:04,578 INFO spawned: 'bridged' with pid 48275
2025-04-11 13:50:05,581 INFO success: bridged entered RUNNING state, process has stayed up for > than 1 seconds (startsecs)
2025-04-11 13:50:07,973 INFO exited: bridged (exit status 1; not expected)
2025-04-11 13:50:08,976 INFO spawned: 'bridged' with pid 48323
2025-04-11 13:50:09,977 INFO success: bridged entered RUNNING state, process has stayed up for > than 1 seconds (startsecs)
2025-04-11 13:50:12,601 INFO exited: bridged (exit status 1; not expected)
2025-04-11 13:50:13,604 INFO spawned: 'bridged' with pid 48343
2025-04-11 13:50:14,606 INFO success: bridged entered RUNNING state, process has stayed up for > than 1 seconds (startsecs)
